<?xml version="1.0" encoding="UTF-8"?>
<!-- Generated by org.testng.reporters.JUnitReportReporter -->
<testsuite skipped="0" hostname="DESKTOP-NAIMHUL" name="com.sukumar.Selenium.core.Testngdemo" tests="1" failures="0" timestamp="24 Mar 2020 05:00:18 GMT" time="0.088" errors="0">
  <testcase name="Test" time="0.088" classname="com.sukumar.Selenium.core.Testngdemo"/>
</testsuite> <!-- com.sukumar.Selenium.core.Testngdemo -->
